Electric Version 8.06
--------------- 0 --------------
  Sat Nov 26 05:56:23 EST 2016
Menu Activated: File | New Library...
--------------- 1 --------------
  Sat Nov 26 05:56:27 EST 2016
Menu Activated: File | Open Library...
--------------- 2 --------------
  Sat Nov 26 05:56:42 EST 2016
ProcessKeyBinding 401 when=1480157802059 modifiers=80 code=11 char=ffff false false
--------------- 3 --------------
  Sat Nov 26 05:56:42 EST 2016
ProcessKeyBinding 401 when=1480157802155 modifiers=80 code=39 char=39(9) false false
--------------- 4 --------------
  Sat Nov 26 05:56:42 EST 2016
Menu Activated: Window | Fill Window
--------------- 5 --------------
  Sat Nov 26 05:56:42 EST 2016
ProcessKeyBinding 400 when=1480157802155 modifiers=80 code=0 char=39(9) false false
--------------- 6 --------------
  Sat Nov 26 05:56:42 EST 2016
ProcessKeyBinding 402 when=1480157802219 modifiers=80 code=39 char=39(9) false false
--------------- 7 --------------
  Sat Nov 26 05:56:42 EST 2016
ProcessKeyBinding 402 when=1480157802283 modifiers=0 code=11 char=ffff false false
--------------- 8 --------------
  Sat Nov 26 05:56:44 EST 2016
ProcessKeyBinding 401 when=1480157804699 modifiers=80 code=11 char=ffff false false
--------------- 9 --------------
  Sat Nov 26 05:56:44 EST 2016
ProcessKeyBinding 401 when=1480157804763 modifiers=80 code=46 char=6 false false
--------------- 10 --------------
  Sat Nov 26 05:56:44 EST 2016
Menu Activated: Window | Special Zoom | Focus on Highlighted
Currently highlighted: 
    com.sun.electric.tool.user.HighlightEOBJ in cell 'decoder1{sch}': , 'comp6{ic}[comp6@11].a[5:0]'
--------------- 11 --------------
  Sat Nov 26 05:56:44 EST 2016
ProcessKeyBinding 400 when=1480157804763 modifiers=80 code=0 char=6 false false
--------------- 12 --------------
  Sat Nov 26 05:56:44 EST 2016
ProcessKeyBinding 402 when=1480157804875 modifiers=80 code=46 char=6 false false
--------------- 13 --------------
  Sat Nov 26 05:56:44 EST 2016
ProcessKeyBinding 402 when=1480157804907 modifiers=0 code=11 char=ffff false false
--------------- 14 --------------
  Sat Nov 26 05:56:45 EST 2016
ProcessKeyBinding 401 when=1480157805771 modifiers=80 code=11 char=ffff false false
--------------- 15 --------------
  Sat Nov 26 05:56:46 EST 2016
ProcessKeyBinding 401 when=1480157806411 modifiers=80 code=30 char=30(0) false false
--------------- 16 --------------
  Sat Nov 26 05:56:46 EST 2016
Menu Activated: Window | Zoom Out
Currently highlighted: 
    com.sun.electric.tool.user.HighlightEOBJ in cell 'decoder1{sch}': , 'comp6{ic}[comp6@11].a[5:0]'
--------------- 17 --------------
  Sat Nov 26 05:56:46 EST 2016
ProcessKeyBinding 400 when=1480157806411 modifiers=80 code=0 char=30(0) false false
--------------- 18 --------------
  Sat Nov 26 05:56:46 EST 2016
ProcessKeyBinding 402 when=1480157806478 modifiers=80 code=30 char=30(0) false false
--------------- 19 --------------
  Sat Nov 26 05:56:46 EST 2016
ProcessKeyBinding 401 when=1480157806539 modifiers=80 code=30 char=30(0) false false
--------------- 20 --------------
  Sat Nov 26 05:56:46 EST 2016
Menu Activated: Window | Zoom Out
Currently highlighted: 
    com.sun.electric.tool.user.HighlightEOBJ in cell 'decoder1{sch}': , 'comp6{ic}[comp6@11].a[5:0]'
--------------- 21 --------------
  Sat Nov 26 05:56:46 EST 2016
ProcessKeyBinding 400 when=1480157806539 modifiers=80 code=0 char=30(0) false false
--------------- 22 --------------
  Sat Nov 26 05:56:46 EST 2016
ProcessKeyBinding 402 when=1480157806635 modifiers=80 code=30 char=30(0) false false
--------------- 23 --------------
  Sat Nov 26 05:56:47 EST 2016
ProcessKeyBinding 402 when=1480157807115 modifiers=0 code=11 char=ffff false false
--------------- 24 --------------
  Sat Nov 26 05:56:54 EST 2016
Menu Activated: Edit | Mirror | Left <-> Right
Currently highlighted: 
    com.sun.electric.tool.user.HighlightEOBJ in cell 'decoder1{sch}': , 'comp6{ic}[comp6@11].alb'
--------------- 25 --------------
  Sat Nov 26 05:56:55 EST 2016
ProcessKeyBinding 401 when=1480157815022 modifiers=80 code=11 char=ffff false false
--------------- 26 --------------
  Sat Nov 26 05:56:55 EST 2016
ProcessKeyBinding 401 when=1480157815115 modifiers=80 code=5a char=1a false false
--------------- 27 --------------
  Sat Nov 26 05:56:55 EST 2016
Menu Activated: Edit | Undo
Currently highlighted: 
    com.sun.electric.tool.user.HighlightEOBJ in cell 'decoder1{sch}': , 'comp6{ic}[comp6@11].alb'
--------------- 28 --------------
  Sat Nov 26 05:56:55 EST 2016
ProcessKeyBinding 400 when=1480157815115 modifiers=80 code=0 char=1a false false
--------------- 29 --------------
  Sat Nov 26 05:56:55 EST 2016
ProcessKeyBinding 402 when=1480157815294 modifiers=80 code=5a char=1a false false
--------------- 30 --------------
  Sat Nov 26 05:56:55 EST 2016
ProcessKeyBinding 402 when=1480157815563 modifiers=0 code=11 char=ffff false false
--------------- 31 --------------
  Sat Nov 26 05:56:58 EST 2016
ProcessKeyBinding 401 when=1480157818907 modifiers=80 code=11 char=ffff false false
--------------- 32 --------------
  Sat Nov 26 05:56:59 EST 2016
ProcessKeyBinding 402 when=1480157819583 modifiers=0 code=11 char=ffff false false
--------------- 33 --------------
  Sat Nov 26 05:57:00 EST 2016
ProcessKeyBinding 401 when=1480157820283 modifiers=0 code=7f char=7f false false
--------------- 34 --------------
  Sat Nov 26 05:57:00 EST 2016
Menu Activated: Edit | Erase | Selected
Currently highlighted: 
    com.sun.electric.tool.user.HighlightEOBJ in cell 'decoder1{sch}': , bus['net@211']
--------------- 35 --------------
  Sat Nov 26 05:57:00 EST 2016
ProcessKeyBinding 400 when=1480157820283 modifiers=0 code=0 char=7f false false
--------------- 36 --------------
  Sat Nov 26 05:57:00 EST 2016
ProcessKeyBinding 402 when=1480157820411 modifiers=0 code=7f char=7f false false
--------------- 37 --------------
  Sat Nov 26 05:57:01 EST 2016
ProcessKeyBinding 401 when=1480157821291 modifiers=80 code=11 char=ffff false false
--------------- 38 --------------
  Sat Nov 26 05:57:01 EST 2016
ProcessKeyBinding 402 when=1480157821900 modifiers=0 code=11 char=ffff false false
--------------- 39 --------------
  Sat Nov 26 05:57:02 EST 2016
ProcessKeyBinding 401 when=1480157822398 modifiers=0 code=7f char=7f false false
--------------- 40 --------------
  Sat Nov 26 05:57:02 EST 2016
Menu Activated: Edit | Erase | Selected
Currently highlighted: 
    com.sun.electric.tool.user.HighlightEOBJ in cell 'decoder1{sch}': , bus['net@213']
--------------- 41 --------------
  Sat Nov 26 05:57:02 EST 2016
ProcessKeyBinding 400 when=1480157822398 modifiers=0 code=0 char=7f false false
--------------- 42 --------------
  Sat Nov 26 05:57:02 EST 2016
ProcessKeyBinding 402 when=1480157822491 modifiers=0 code=7f char=7f false false
--------------- 43 --------------
  Sat Nov 26 05:57:08 EST 2016
Menu Activated: Edit | Mirror | Left <-> Right
Currently highlighted: 
    com.sun.electric.tool.user.HighlightEOBJ in cell 'decoder1{sch}': , 'comp6{ic}[comp6@11].alb'
--------------- 44 --------------
  Sat Nov 26 05:57:12 EST 2016
ProcessKeyBinding 401 when=1480157832652 modifiers=80 code=11 char=ffff false false
--------------- 45 --------------
  Sat Nov 26 05:57:12 EST 2016
ProcessKeyBinding 401 when=1480157832844 modifiers=80 code=5a char=1a false false
--------------- 46 --------------
  Sat Nov 26 05:57:12 EST 2016
Menu Activated: Edit | Undo
Currently highlighted: 
    com.sun.electric.tool.user.HighlightEOBJ in cell 'decoder1{sch}': , 'comp6{ic}[comp6@11].alb'
--------------- 47 --------------
  Sat Nov 26 05:57:12 EST 2016
ProcessKeyBinding 400 when=1480157832844 modifiers=80 code=0 char=1a false false
--------------- 48 --------------
  Sat Nov 26 05:57:13 EST 2016
ProcessKeyBinding 402 when=1480157833020 modifiers=80 code=5a char=1a false false
--------------- 49 --------------
  Sat Nov 26 05:57:14 EST 2016
ProcessKeyBinding 402 when=1480157834460 modifiers=0 code=11 char=ffff false false
--------------- 50 --------------
  Sat Nov 26 05:57:14 EST 2016
ProcessKeyBinding 401 when=1480157834652 modifiers=80 code=11 char=ffff false false
--------------- 51 --------------
  Sat Nov 26 05:57:15 EST 2016
ProcessKeyBinding 401 when=1480157835388 modifiers=80 code=59 char=19 false false
--------------- 52 --------------
  Sat Nov 26 05:57:15 EST 2016
Menu Activated: Edit | Redo
Currently highlighted: 
    com.sun.electric.tool.user.HighlightEOBJ in cell 'decoder1{sch}': , 'comp6{ic}[comp6@11].alb'
--------------- 53 --------------
  Sat Nov 26 05:57:15 EST 2016
ProcessKeyBinding 400 when=1480157835388 modifiers=80 code=0 char=19 false false
--------------- 54 --------------
  Sat Nov 26 05:57:15 EST 2016
ProcessKeyBinding 402 when=1480157835548 modifiers=80 code=59 char=19 false false
--------------- 55 --------------
  Sat Nov 26 05:57:17 EST 2016
ProcessKeyBinding 401 when=1480157837292 modifiers=80 code=5a char=1a false false
--------------- 56 --------------
  Sat Nov 26 05:57:17 EST 2016
Menu Activated: Edit | Undo
Currently highlighted: 
    com.sun.electric.tool.user.HighlightEOBJ in cell 'decoder1{sch}': , 'comp6{ic}[comp6@11].alb'
--------------- 57 --------------
  Sat Nov 26 05:57:17 EST 2016
ProcessKeyBinding 400 when=1480157837292 modifiers=80 code=0 char=1a false false
--------------- 58 --------------
  Sat Nov 26 05:57:17 EST 2016
ProcessKeyBinding 402 when=1480157837484 modifiers=80 code=5a char=1a false false
--------------- 59 --------------
  Sat Nov 26 05:57:18 EST 2016
ProcessKeyBinding 401 when=1480157838876 modifiers=80 code=59 char=19 false false
--------------- 60 --------------
  Sat Nov 26 05:57:18 EST 2016
Menu Activated: Edit | Redo
Currently highlighted: 
    com.sun.electric.tool.user.HighlightEOBJ in cell 'decoder1{sch}': , 'comp6{ic}[comp6@11].alb'
--------------- 61 --------------
  Sat Nov 26 05:57:18 EST 2016
ProcessKeyBinding 400 when=1480157838876 modifiers=80 code=0 char=19 false false
--------------- 62 --------------
  Sat Nov 26 05:57:19 EST 2016
ProcessKeyBinding 402 when=1480157839068 modifiers=80 code=59 char=19 false false
--------------- 63 --------------
  Sat Nov 26 05:57:19 EST 2016
ProcessKeyBinding 402 when=1480157839532 modifiers=0 code=11 char=ffff false false
--------------- 64 --------------
  Sat Nov 26 05:57:29 EST 2016
Menu Activated: Edit | Cleanup Cell | Cleanup Pins
--------------- 65 --------------
  Sat Nov 26 05:57:35 EST 2016
ProcessKeyBinding 401 when=1480157855308 modifiers=0 code=74 char=ffff false false
--------------- 66 --------------
  Sat Nov 26 05:57:35 EST 2016
Menu Activated: Tool | DRC | Check Hierarchically
--------------- 67 --------------
  Sat Nov 26 05:57:35 EST 2016
ProcessKeyBinding 402 when=1480157855420 modifiers=0 code=74 char=ffff false false
--------------- 68 --------------
  Sat Nov 26 05:57:37 EST 2016
ProcessKeyBinding 401 when=1480157857756 modifiers=80 code=11 char=ffff false false
--------------- 69 --------------
  Sat Nov 26 05:57:37 EST 2016
ProcessKeyBinding 401 when=1480157857900 modifiers=80 code=53 char=13 false false
--------------- 70 --------------
  Sat Nov 26 05:57:37 EST 2016
Menu Activated: File | Save All Libraries
--------------- 71 --------------
  Sat Nov 26 05:57:37 EST 2016
ProcessKeyBinding 400 when=1480157857900 modifiers=80 code=0 char=13 false false
--------------- 72 --------------
  Sat Nov 26 05:57:37 EST 2016
ProcessKeyBinding 402 when=1480157857996 modifiers=80 code=53 char=13 false false
--------------- 73 --------------
  Sat Nov 26 05:57:38 EST 2016
ProcessKeyBinding 401 when=1480157858076 modifiers=80 code=53 char=13 false false
--------------- 74 --------------
  Sat Nov 26 05:57:38 EST 2016
Menu Activated: File | Save All Libraries
--------------- 75 --------------
  Sat Nov 26 05:57:38 EST 2016
ProcessKeyBinding 400 when=1480157858076 modifiers=80 code=0 char=13 false false
--------------- 76 --------------
  Sat Nov 26 05:57:38 EST 2016
ProcessKeyBinding 402 when=1480157858236 modifiers=80 code=53 char=13 false false
--------------- 77 --------------
  Sat Nov 26 05:57:38 EST 2016
ProcessKeyBinding 402 when=1480157858364 modifiers=0 code=11 char=ffff false false
--------------- 78 --------------
  Sat Nov 26 05:57:44 EST 2016
Menu Activated: Tool | Simulation (Verilog) | Write Verilog Deck...
--------------- 79 --------------
  Sat Nov 26 06:07:21 EST 2016
ProcessKeyBinding 401 when=1480158441651 modifiers=80 code=11 char=ffff false false
--------------- 80 --------------
  Sat Nov 26 06:07:21 EST 2016
ProcessKeyBinding 401 when=1480158441827 modifiers=80 code=46 char=6 false false
--------------- 81 --------------
  Sat Nov 26 06:07:21 EST 2016
Menu Activated: Window | Special Zoom | Focus on Highlighted
Currently highlighted: 
    com.sun.electric.tool.user.HighlightEOBJ in cell 'decoder1{sch}': , 'mux2_c_1x{ic}[mux2_c_1@0].d0'
--------------- 82 --------------
  Sat Nov 26 06:07:21 EST 2016
ProcessKeyBinding 400 when=1480158441827 modifiers=80 code=0 char=6 false false
--------------- 83 --------------
  Sat Nov 26 06:07:21 EST 2016
ProcessKeyBinding 402 when=1480158441923 modifiers=80 code=46 char=6 false false
--------------- 84 --------------
  Sat Nov 26 06:07:22 EST 2016
ProcessKeyBinding 402 when=1480158442051 modifiers=0 code=11 char=ffff false false
--------------- 85 --------------
  Sat Nov 26 06:07:23 EST 2016
ProcessKeyBinding 401 when=1480158443139 modifiers=80 code=11 char=ffff false false
--------------- 86 --------------
  Sat Nov 26 06:07:23 EST 2016
ProcessKeyBinding 401 when=1480158443395 modifiers=80 code=30 char=30(0) false false
--------------- 87 --------------
  Sat Nov 26 06:07:23 EST 2016
Menu Activated: Window | Zoom Out
Currently highlighted: 
    com.sun.electric.tool.user.HighlightEOBJ in cell 'decoder1{sch}': , 'mux2_c_1x{ic}[mux2_c_1@0].d0'
--------------- 88 --------------
  Sat Nov 26 06:07:23 EST 2016
ProcessKeyBinding 400 when=1480158443395 modifiers=80 code=0 char=30(0) false false
--------------- 89 --------------
  Sat Nov 26 06:07:23 EST 2016
ProcessKeyBinding 402 when=1480158443475 modifiers=80 code=30 char=30(0) false false
--------------- 90 --------------
  Sat Nov 26 06:07:23 EST 2016
ProcessKeyBinding 401 when=1480158443859 modifiers=80 code=30 char=30(0) false false
--------------- 91 --------------
  Sat Nov 26 06:07:23 EST 2016
Menu Activated: Window | Zoom Out
Currently highlighted: 
    com.sun.electric.tool.user.HighlightEOBJ in cell 'decoder1{sch}': , 'mux2_c_1x{ic}[mux2_c_1@0].d0'
--------------- 92 --------------
  Sat Nov 26 06:07:23 EST 2016
ProcessKeyBinding 400 when=1480158443859 modifiers=80 code=0 char=30(0) false false
--------------- 93 --------------
  Sat Nov 26 06:07:23 EST 2016
ProcessKeyBinding 402 when=1480158443955 modifiers=80 code=30 char=30(0) false false
--------------- 94 --------------
  Sat Nov 26 06:07:24 EST 2016
ProcessKeyBinding 401 when=1480158444147 modifiers=80 code=30 char=30(0) false false
--------------- 95 --------------
  Sat Nov 26 06:07:24 EST 2016
Menu Activated: Window | Zoom Out
Currently highlighted: 
    com.sun.electric.tool.user.HighlightEOBJ in cell 'decoder1{sch}': , 'mux2_c_1x{ic}[mux2_c_1@0].d0'
--------------- 96 --------------
  Sat Nov 26 06:07:24 EST 2016
ProcessKeyBinding 400 when=1480158444147 modifiers=80 code=0 char=30(0) false false
--------------- 97 --------------
  Sat Nov 26 06:07:24 EST 2016
ProcessKeyBinding 402 when=1480158444211 modifiers=80 code=30 char=30(0) false false
--------------- 98 --------------
  Sat Nov 26 06:07:24 EST 2016
ProcessKeyBinding 401 when=1480158444563 modifiers=80 code=30 char=30(0) false false
--------------- 99 --------------
  Sat Nov 26 06:07:24 EST 2016
Menu Activated: Window | Zoom Out
Currently highlighted: 
    com.sun.electric.tool.user.HighlightEOBJ in cell 'decoder1{sch}': , 'mux2_c_1x{ic}[mux2_c_1@0].d0'
--------------- 100 --------------
  Sat Nov 26 06:07:24 EST 2016
ProcessKeyBinding 400 when=1480158444563 modifiers=80 code=0 char=30(0) false false
--------------- 101 --------------
  Sat Nov 26 06:07:24 EST 2016
ProcessKeyBinding 402 when=1480158444627 modifiers=80 code=30 char=30(0) false false
--------------- 102 --------------
  Sat Nov 26 06:07:24 EST 2016
ProcessKeyBinding 401 when=1480158444931 modifiers=80 code=30 char=30(0) false false
--------------- 103 --------------
  Sat Nov 26 06:07:24 EST 2016
Menu Activated: Window | Zoom Out
Currently highlighted: 
    com.sun.electric.tool.user.HighlightEOBJ in cell 'decoder1{sch}': , 'mux2_c_1x{ic}[mux2_c_1@0].d0'
--------------- 104 --------------
  Sat Nov 26 06:07:24 EST 2016
ProcessKeyBinding 400 when=1480158444931 modifiers=80 code=0 char=30(0) false false
--------------- 105 --------------
  Sat Nov 26 06:07:25 EST 2016
ProcessKeyBinding 402 when=1480158445012 modifiers=80 code=30 char=30(0) false false
--------------- 106 --------------
  Sat Nov 26 06:07:25 EST 2016
ProcessKeyBinding 401 when=1480158445171 modifiers=80 code=30 char=30(0) false false
--------------- 107 --------------
  Sat Nov 26 06:07:25 EST 2016
Menu Activated: Window | Zoom Out
Currently highlighted: 
    com.sun.electric.tool.user.HighlightEOBJ in cell 'decoder1{sch}': , 'mux2_c_1x{ic}[mux2_c_1@0].d0'
--------------- 108 --------------
  Sat Nov 26 06:07:25 EST 2016
ProcessKeyBinding 400 when=1480158445171 modifiers=80 code=0 char=30(0) false false
--------------- 109 --------------
  Sat Nov 26 06:07:25 EST 2016
ProcessKeyBinding 402 when=1480158445268 modifiers=80 code=30 char=30(0) false false
--------------- 110 --------------
  Sat Nov 26 06:07:28 EST 2016
ProcessKeyBinding 401 when=1480158448228 modifiers=80 code=46 char=6 false false
--------------- 111 --------------
  Sat Nov 26 06:07:28 EST 2016
Menu Activated: Window | Special Zoom | Focus on Highlighted
Currently highlighted: 
    com.sun.electric.tool.user.HighlightEOBJ in cell 'decoder1{sch}': , 'mux2_c_1x{ic}[mux2_c_1@0].d0'
--------------- 112 --------------
  Sat Nov 26 06:07:28 EST 2016
ProcessKeyBinding 400 when=1480158448228 modifiers=80 code=0 char=6 false false
--------------- 113 --------------
  Sat Nov 26 06:07:28 EST 2016
ProcessKeyBinding 402 when=1480158448371 modifiers=80 code=46 char=6 false false
--------------- 114 --------------
  Sat Nov 26 06:07:30 EST 2016
ProcessKeyBinding 401 when=1480158450180 modifiers=80 code=39 char=39(9) false false
--------------- 115 --------------
  Sat Nov 26 06:07:30 EST 2016
Menu Activated: Window | Fill Window
Currently highlighted: 
    com.sun.electric.tool.user.HighlightEOBJ in cell 'decoder1{sch}': , 'mux2_c_1x{ic}[mux2_c_1@0].d0'
--------------- 116 --------------
  Sat Nov 26 06:07:30 EST 2016
ProcessKeyBinding 400 when=1480158450180 modifiers=80 code=0 char=39(9) false false
--------------- 117 --------------
  Sat Nov 26 06:07:30 EST 2016
ProcessKeyBinding 402 when=1480158450259 modifiers=80 code=39 char=39(9) false false
--------------- 118 --------------
  Sat Nov 26 06:07:30 EST 2016
ProcessKeyBinding 402 when=1480158450659 modifiers=0 code=11 char=ffff false false
--------------- 119 --------------
  Sat Nov 26 06:07:48 EST 2016
ProcessKeyBinding 401 when=1480158468612 modifiers=80 code=11 char=ffff false false
--------------- 120 --------------
  Sat Nov 26 06:07:48 EST 2016
ProcessKeyBinding 401 when=1480158468708 modifiers=80 code=46 char=6 false false
--------------- 121 --------------
  Sat Nov 26 06:07:48 EST 2016
Menu Activated: Window | Special Zoom | Focus on Highlighted
Currently highlighted: 
    com.sun.electric.tool.user.HighlightEOBJ in cell 'decoder1{sch}': , 'mux2_c_1x{ic}[mux2_c_1@7].y'
--------------- 122 --------------
  Sat Nov 26 06:07:48 EST 2016
ProcessKeyBinding 400 when=1480158468708 modifiers=80 code=0 char=6 false false
--------------- 123 --------------
  Sat Nov 26 06:07:48 EST 2016
ProcessKeyBinding 402 when=1480158468836 modifiers=0 code=11 char=ffff false false
--------------- 124 --------------
  Sat Nov 26 06:07:48 EST 2016
ProcessKeyBinding 402 when=1480158468852 modifiers=0 code=46 char=66(f) false false
--------------- 125 --------------
  Sat Nov 26 06:07:49 EST 2016
ProcessKeyBinding 401 when=1480158469044 modifiers=80 code=11 char=ffff false false
--------------- 126 --------------
  Sat Nov 26 06:07:49 EST 2016
ProcessKeyBinding 401 when=1480158469124 modifiers=80 code=30 char=30(0) false false
--------------- 127 --------------
  Sat Nov 26 06:07:49 EST 2016
Menu Activated: Window | Zoom Out
Currently highlighted: 
    com.sun.electric.tool.user.HighlightEOBJ in cell 'decoder1{sch}': , 'mux2_c_1x{ic}[mux2_c_1@7].y'
--------------- 128 --------------
  Sat Nov 26 06:07:49 EST 2016
ProcessKeyBinding 400 when=1480158469124 modifiers=80 code=0 char=30(0) false false
--------------- 129 --------------
  Sat Nov 26 06:07:49 EST 2016
ProcessKeyBinding 402 when=1480158469220 modifiers=80 code=30 char=30(0) false false
--------------- 130 --------------
  Sat Nov 26 06:07:49 EST 2016
ProcessKeyBinding 401 when=1480158469284 modifiers=80 code=30 char=30(0) false false
--------------- 131 --------------
  Sat Nov 26 06:07:49 EST 2016
Menu Activated: Window | Zoom Out
Currently highlighted: 
    com.sun.electric.tool.user.HighlightEOBJ in cell 'decoder1{sch}': , 'mux2_c_1x{ic}[mux2_c_1@7].y'
--------------- 132 --------------
  Sat Nov 26 06:07:49 EST 2016
ProcessKeyBinding 400 when=1480158469284 modifiers=80 code=0 char=30(0) false false
--------------- 133 --------------
  Sat Nov 26 06:07:49 EST 2016
ProcessKeyBinding 402 when=1480158469380 modifiers=80 code=30 char=30(0) false false
--------------- 134 --------------
  Sat Nov 26 06:07:49 EST 2016
ProcessKeyBinding 401 when=1480158469508 modifiers=80 code=30 char=30(0) false false
--------------- 135 --------------
  Sat Nov 26 06:07:49 EST 2016
Menu Activated: Window | Zoom Out
Currently highlighted: 
    com.sun.electric.tool.user.HighlightEOBJ in cell 'decoder1{sch}': , 'mux2_c_1x{ic}[mux2_c_1@7].y'
--------------- 136 --------------
  Sat Nov 26 06:07:49 EST 2016
ProcessKeyBinding 400 when=1480158469508 modifiers=80 code=0 char=30(0) false false
--------------- 137 --------------
  Sat Nov 26 06:07:49 EST 2016
ProcessKeyBinding 402 when=1480158469588 modifiers=80 code=30 char=30(0) false false
--------------- 138 --------------
  Sat Nov 26 06:07:49 EST 2016
ProcessKeyBinding 401 when=1480158469700 modifiers=80 code=30 char=30(0) false false
--------------- 139 --------------
  Sat Nov 26 06:07:49 EST 2016
Menu Activated: Window | Zoom Out
Currently highlighted: 
    com.sun.electric.tool.user.HighlightEOBJ in cell 'decoder1{sch}': , 'mux2_c_1x{ic}[mux2_c_1@7].y'
--------------- 140 --------------
  Sat Nov 26 06:07:49 EST 2016
ProcessKeyBinding 400 when=1480158469700 modifiers=80 code=0 char=30(0) false false
--------------- 141 --------------
  Sat Nov 26 06:07:49 EST 2016
ProcessKeyBinding 402 when=1480158469780 modifiers=80 code=30 char=30(0) false false
--------------- 142 --------------
  Sat Nov 26 06:07:50 EST 2016
ProcessKeyBinding 402 when=1480158470484 modifiers=0 code=11 char=ffff false false
--------------- 143 --------------
  Sat Nov 26 06:07:58 EST 2016
ProcessKeyBinding 401 when=1480158478308 modifiers=80 code=11 char=ffff false false
--------------- 144 --------------
  Sat Nov 26 06:07:58 EST 2016
ProcessKeyBinding 401 when=1480158478404 modifiers=80 code=37 char=37(7) false false
--------------- 145 --------------
  Sat Nov 26 06:07:58 EST 2016
Menu Activated: Window | Zoom In
--------------- 146 --------------
  Sat Nov 26 06:07:58 EST 2016
ProcessKeyBinding 400 when=1480158478404 modifiers=80 code=0 char=37(7) false false
--------------- 147 --------------
  Sat Nov 26 06:07:58 EST 2016
ProcessKeyBinding 402 when=1480158478468 modifiers=80 code=37 char=37(7) false false
--------------- 148 --------------
  Sat Nov 26 06:07:58 EST 2016
ProcessKeyBinding 402 when=1480158478484 modifiers=0 code=11 char=ffff false false
--------------- 149 --------------
  Sat Nov 26 06:08:51 EST 2016
ProcessKeyBinding 401 when=1480158531749 modifiers=0 code=7f char=7f false false
--------------- 150 --------------
  Sat Nov 26 06:08:51 EST 2016
Menu Activated: Edit | Erase | Selected
Currently highlighted: 
    com.sun.electric.tool.user.HighlightEOBJ in cell 'decoder1{sch}': , wire['net@372']
--------------- 151 --------------
  Sat Nov 26 06:08:51 EST 2016
ProcessKeyBinding 400 when=1480158531749 modifiers=0 code=0 char=7f false false
--------------- 152 --------------
  Sat Nov 26 06:08:51 EST 2016
ProcessKeyBinding 402 when=1480158531893 modifiers=0 code=7f char=7f false false
--------------- 153 --------------
  Sat Nov 26 06:08:52 EST 2016
ProcessKeyBinding 401 when=1480158532567 modifiers=0 code=7f char=7f false false
--------------- 154 --------------
  Sat Nov 26 06:08:52 EST 2016
Menu Activated: Edit | Erase | Selected
Currently highlighted: 
    com.sun.electric.tool.user.HighlightEOBJ in cell 'decoder1{sch}': , wire['net@369']
--------------- 155 --------------
  Sat Nov 26 06:08:52 EST 2016
ProcessKeyBinding 400 when=1480158532567 modifiers=0 code=0 char=7f false false
--------------- 156 --------------
  Sat Nov 26 06:08:52 EST 2016
ProcessKeyBinding 402 when=1480158532645 modifiers=0 code=7f char=7f false false
--------------- 157 --------------
  Sat Nov 26 06:08:53 EST 2016
ProcessKeyBinding 401 when=1480158533525 modifiers=0 code=7f char=7f false false
--------------- 158 --------------
  Sat Nov 26 06:08:53 EST 2016
Menu Activated: Edit | Erase | Selected
--------------- 159 --------------
  Sat Nov 26 06:08:53 EST 2016
ProcessKeyBinding 400 when=1480158533525 modifiers=0 code=0 char=7f false false
--------------- 160 --------------
  Sat Nov 26 06:08:53 EST 2016
ProcessKeyBinding 402 when=1480158533605 modifiers=0 code=7f char=7f false false
--------------- 161 --------------
  Sat Nov 26 06:08:53 EST 2016
ProcessKeyBinding 401 when=1480158533912 modifiers=0 code=7f char=7f false false
--------------- 162 --------------
  Sat Nov 26 06:08:53 EST 2016
Menu Activated: Edit | Erase | Selected
Currently highlighted: 
    com.sun.electric.tool.user.HighlightEOBJ in cell 'decoder1{sch}': , wire['net@419']
--------------- 163 --------------
  Sat Nov 26 06:08:53 EST 2016
ProcessKeyBinding 400 when=1480158533912 modifiers=0 code=0 char=7f false false
--------------- 164 --------------
  Sat Nov 26 06:08:54 EST 2016
ProcessKeyBinding 402 when=1480158534021 modifiers=0 code=7f char=7f false false
--------------- 165 --------------
  Sat Nov 26 06:08:54 EST 2016
ProcessKeyBinding 401 when=1480158534501 modifiers=0 code=7f char=7f false false
--------------- 166 --------------
  Sat Nov 26 06:08:54 EST 2016
Menu Activated: Edit | Erase | Selected
Currently highlighted: 
    com.sun.electric.tool.user.HighlightEOBJ in cell 'decoder1{sch}': , wire['net@370']
--------------- 167 --------------
  Sat Nov 26 06:08:54 EST 2016
ProcessKeyBinding 400 when=1480158534501 modifiers=0 code=0 char=7f false false
--------------- 168 --------------
  Sat Nov 26 06:08:54 EST 2016
ProcessKeyBinding 402 when=1480158534597 modifiers=0 code=7f char=7f false false
--------------- 169 --------------
  Sat Nov 26 06:08:56 EST 2016
ProcessKeyBinding 401 when=1480158536021 modifiers=0 code=7f char=7f false false
--------------- 170 --------------
  Sat Nov 26 06:08:56 EST 2016
Menu Activated: Edit | Erase | Selected
Currently highlighted: 
    com.sun.electric.tool.user.HighlightEOBJ in cell 'decoder1{sch}': , wire['net@420']
--------------- 171 --------------
  Sat Nov 26 06:08:56 EST 2016
ProcessKeyBinding 400 when=1480158536021 modifiers=0 code=0 char=7f false false
--------------- 172 --------------
  Sat Nov 26 06:08:56 EST 2016
ProcessKeyBinding 402 when=1480158536100 modifiers=0 code=7f char=7f false false
--------------- 173 --------------
  Sat Nov 26 06:08:59 EST 2016
ProcessKeyBinding 401 when=1480158539013 modifiers=80 code=11 char=ffff false false
--------------- 174 --------------
  Sat Nov 26 06:08:59 EST 2016
ProcessKeyBinding 401 when=1480158539173 modifiers=80 code=5a char=1a false false
--------------- 175 --------------
  Sat Nov 26 06:08:59 EST 2016
Menu Activated: Edit | Undo
Currently highlighted: 
    com.sun.electric.tool.user.HighlightEOBJ in cell 'decoder1{sch}': , 'inv_1x{ic}[inv_1x@6].y'
--------------- 176 --------------
  Sat Nov 26 06:08:59 EST 2016
ProcessKeyBinding 400 when=1480158539173 modifiers=80 code=0 char=1a false false
--------------- 177 --------------
  Sat Nov 26 06:08:59 EST 2016
ProcessKeyBinding 402 when=1480158539301 modifiers=80 code=5a char=1a false false
--------------- 178 --------------
  Sat Nov 26 06:08:59 EST 2016
ProcessKeyBinding 402 when=1480158539332 modifiers=0 code=11 char=ffff false false
--------------- 179 --------------
  Sat Nov 26 06:09:02 EST 2016
ProcessKeyBinding 401 when=1480158542037 modifiers=0 code=7f char=7f false false
--------------- 180 --------------
  Sat Nov 26 06:09:02 EST 2016
Menu Activated: Edit | Erase | Selected
Currently highlighted: 
    com.sun.electric.tool.user.HighlightEOBJ in cell 'decoder1{sch}': , wire['net@418']
--------------- 181 --------------
  Sat Nov 26 06:09:02 EST 2016
ProcessKeyBinding 400 when=1480158542037 modifiers=0 code=0 char=7f false false
--------------- 182 --------------
  Sat Nov 26 06:09:02 EST 2016
ProcessKeyBinding 402 when=1480158542149 modifiers=0 code=7f char=7f false false
--------------- 183 --------------
  Sat Nov 26 06:09:04 EST 2016
ProcessKeyBinding 402 when=1480158544853 modifiers=0 code=27 char=ffff false false
--------------- 184 --------------
  Sat Nov 26 06:09:05 EST 2016
ProcessKeyBinding 402 when=1480158545045 modifiers=0 code=27 char=ffff false false
--------------- 185 --------------
  Sat Nov 26 06:09:05 EST 2016
ProcessKeyBinding 402 when=1480158545205 modifiers=0 code=27 char=ffff false false
--------------- 186 --------------
  Sat Nov 26 06:09:05 EST 2016
ProcessKeyBinding 402 when=1480158545381 modifiers=0 code=27 char=ffff false false
--------------- 187 --------------
  Sat Nov 26 06:09:05 EST 2016
ProcessKeyBinding 402 when=1480158545957 modifiers=0 code=25 char=ffff false false
--------------- 188 --------------
  Sat Nov 26 06:09:06 EST 2016
ProcessKeyBinding 402 when=1480158546149 modifiers=0 code=25 char=ffff false false
--------------- 189 --------------
  Sat Nov 26 06:09:18 EST 2016
ProcessKeyBinding 402 when=1480158558389 modifiers=0 code=27 char=ffff false false
--------------- 190 --------------
  Sat Nov 26 06:09:20 EST 2016
ProcessKeyBinding 402 when=1480158560437 modifiers=0 code=27 char=ffff false false
--------------- 191 --------------
  Sat Nov 26 06:09:43 EST 2016
ProcessKeyBinding 402 when=1480158583365 modifiers=0 code=28 char=ffff false false
--------------- 192 --------------
  Sat Nov 26 06:09:44 EST 2016
ProcessKeyBinding 402 when=1480158584773 modifiers=0 code=28 char=ffff false false
--------------- 193 --------------
  Sat Nov 26 06:09:45 EST 2016
ProcessKeyBinding 402 when=1480158585893 modifiers=0 code=26 char=ffff false false
--------------- 194 --------------
  Sat Nov 26 06:09:46 EST 2016
ProcessKeyBinding 402 when=1480158586501 modifiers=0 code=26 char=ffff false false
--------------- 195 --------------
  Sat Nov 26 06:09:47 EST 2016
ProcessKeyBinding 402 when=1480158587205 modifiers=0 code=26 char=ffff false false
--------------- 196 --------------
  Sat Nov 26 06:09:53 EST 2016
ProcessKeyBinding 401 when=1480158593941 modifiers=80 code=11 char=ffff false false
--------------- 197 --------------
  Sat Nov 26 06:09:54 EST 2016
ProcessKeyBinding 401 when=1480158594165 modifiers=80 code=41 char=1 false false
--------------- 198 --------------
  Sat Nov 26 06:09:54 EST 2016
Menu Activated: Edit | Selection | Select All
--------------- 199 --------------
  Sat Nov 26 06:09:54 EST 2016
ProcessKeyBinding 400 when=1480158594165 modifiers=80 code=0 char=1 false false
--------------- 200 --------------
  Sat Nov 26 06:09:54 EST 2016
ProcessKeyBinding 402 when=1480158594277 modifiers=80 code=41 char=1 false false
--------------- 201 --------------
  Sat Nov 26 06:09:54 EST 2016
ProcessKeyBinding 402 when=1480158594325 modifiers=0 code=11 char=ffff false false
--------------- 202 --------------
  Sat Nov 26 06:09:56 EST 2016
ProcessKeyBinding 401 when=1480158596789 modifiers=0 code=74 char=ffff false false
--------------- 203 --------------
  Sat Nov 26 06:09:56 EST 2016
Menu Activated: Tool | DRC | Check Hierarchically
--------------- 204 --------------
  Sat Nov 26 06:10:01 EST 2016
ProcessKeyBinding 401 when=1480158601446 modifiers=40 code=10 char=ffff false false
--------------- 205 --------------
  Sat Nov 26 06:10:01 EST 2016
ProcessKeyBinding 401 when=1480158601846 modifiers=40 code=2e char=3e(>) false false
--------------- 206 --------------
  Sat Nov 26 06:10:01 EST 2016
Menu Activated: Edit | Selection | Show Next Error
--------------- 207 --------------
  Sat Nov 26 06:10:01 EST 2016
ProcessKeyBinding 400 when=1480158601846 modifiers=40 code=0 char=3e(>) false false
--------------- 208 --------------
  Sat Nov 26 06:10:01 EST 2016
ProcessKeyBinding 402 when=1480158601973 modifiers=40 code=2e char=3e(>) false false
--------------- 209 --------------
  Sat Nov 26 06:10:02 EST 2016
ProcessKeyBinding 401 when=1480158602361 modifiers=40 code=2e char=3e(>) false false
--------------- 210 --------------
  Sat Nov 26 06:10:02 EST 2016
Menu Activated: Edit | Selection | Show Next Error
Currently highlighted: 
    com.sun.electric.tool.user.HighlightEOBJ in cell 'decoder1{sch}': , Wire_Pin['pin@210']
--------------- 211 --------------
  Sat Nov 26 06:10:02 EST 2016
ProcessKeyBinding 400 when=1480158602361 modifiers=40 code=0 char=3e(>) false false
--------------- 212 --------------
  Sat Nov 26 06:10:02 EST 2016
ProcessKeyBinding 402 when=1480158602470 modifiers=40 code=2e char=3e(>) false false
--------------- 213 --------------
  Sat Nov 26 06:10:02 EST 2016
ProcessKeyBinding 401 when=1480158602694 modifiers=40 code=2e char=3e(>) false false
--------------- 214 --------------
  Sat Nov 26 06:10:02 EST 2016
Menu Activated: Edit | Selection | Show Next Error
Currently highlighted: 
    com.sun.electric.tool.user.HighlightEOBJ in cell 'decoder1{sch}': , Wire_Pin['pin@210']
    com.sun.electric.tool.user.HighlightLine in cell 'decoder1{sch}': 
    com.sun.electric.tool.user.HighlightLine in cell 'decoder1{sch}': 
    com.sun.electric.tool.user.HighlightLine in cell 'decoder1{sch}': 
    com.sun.electric.tool.user.HighlightLine in cell 'decoder1{sch}': 
--------------- 215 --------------
  Sat Nov 26 06:10:02 EST 2016
ProcessKeyBinding 400 when=1480158602694 modifiers=40 code=0 char=3e(>) false false
--------------- 216 --------------
  Sat Nov 26 06:10:02 EST 2016
ProcessKeyBinding 402 when=1480158602805 modifiers=40 code=2e char=3e(>) false false
--------------- 217 --------------
  Sat Nov 26 06:10:03 EST 2016
ProcessKeyBinding 401 when=1480158603014 modifiers=40 code=2e char=3e(>) false false
--------------- 218 --------------
  Sat Nov 26 06:10:03 EST 2016
Menu Activated: Edit | Selection | Show Next Error
Currently highlighted: 
    com.sun.electric.tool.user.HighlightEOBJ in cell 'decoder1{sch}': , Wire_Pin['pin@210']
    com.sun.electric.tool.user.HighlightLine in cell 'decoder1{sch}': 
    com.sun.electric.tool.user.HighlightLine in cell 'decoder1{sch}': 
    com.sun.electric.tool.user.HighlightLine in cell 'decoder1{sch}': 
    com.sun.electric.tool.user.HighlightLine in cell 'decoder1{sch}': 
--------------- 219 --------------
  Sat Nov 26 06:10:03 EST 2016
ProcessKeyBinding 400 when=1480158603014 modifiers=40 code=0 char=3e(>) false false
--------------- 220 --------------
  Sat Nov 26 06:10:03 EST 2016
ProcessKeyBinding 402 when=1480158603109 modifiers=40 code=2e char=3e(>) false false
--------------- 221 --------------
  Sat Nov 26 06:10:03 EST 2016
ProcessKeyBinding 402 when=1480158603782 modifiers=0 code=10 char=ffff false false
--------------- 222 --------------
  Sat Nov 26 06:10:07 EST 2016
Menu Activated: Edit | Cleanup Cell | Cleanup Pins
Currently highlighted: 
    com.sun.electric.tool.user.HighlightEOBJ in cell 'decoder1{sch}': , Wire_Pin['pin@210']
--------------- 223 --------------
  Sat Nov 26 06:10:09 EST 2016
ProcessKeyBinding 401 when=1480158609062 modifiers=0 code=74 char=ffff false false
--------------- 224 --------------
  Sat Nov 26 06:10:09 EST 2016
Menu Activated: Tool | DRC | Check Hierarchically
--------------- 225 --------------
  Sat Nov 26 06:10:09 EST 2016
ProcessKeyBinding 402 when=1480158609174 modifiers=0 code=74 char=ffff false false
--------------- 226 --------------
  Sat Nov 26 06:10:11 EST 2016
ProcessKeyBinding 401 when=1480158611046 modifiers=80 code=11 char=ffff false false
--------------- 227 --------------
  Sat Nov 26 06:10:11 EST 2016
ProcessKeyBinding 401 when=1480158611190 modifiers=80 code=53 char=13 false false
--------------- 228 --------------
  Sat Nov 26 06:10:11 EST 2016
Menu Activated: File | Save All Libraries
--------------- 229 --------------
  Sat Nov 26 06:10:11 EST 2016
ProcessKeyBinding 400 when=1480158611190 modifiers=80 code=0 char=13 false false
--------------- 230 --------------
  Sat Nov 26 06:10:11 EST 2016
ProcessKeyBinding 402 when=1480158611366 modifiers=80 code=53 char=13 false false
--------------- 231 --------------
  Sat Nov 26 06:10:11 EST 2016
ProcessKeyBinding 402 when=1480158611398 modifiers=0 code=11 char=ffff false false
--------------- 232 --------------
  Sat Nov 26 06:10:15 EST 2016
Menu Activated: Tool | Simulation (Verilog) | Write Verilog Deck...
--------------- 233 --------------
  Sat Nov 26 06:12:11 EST 2016
ProcessKeyBinding 401 when=1480158731287 modifiers=0 code=7f char=7f false false
--------------- 234 --------------
  Sat Nov 26 06:12:11 EST 2016
Menu Activated: Edit | Erase | Selected
Currently highlighted: 
    com.sun.electric.tool.user.HighlightEOBJ in cell 'decoder1{sch}': , wire['net@447']
--------------- 235 --------------
  Sat Nov 26 06:12:11 EST 2016
ProcessKeyBinding 400 when=1480158731287 modifiers=0 code=0 char=7f false false
--------------- 236 --------------
  Sat Nov 26 06:12:11 EST 2016
ProcessKeyBinding 402 when=1480158731431 modifiers=0 code=7f char=7f false false
--------------- 237 --------------
  Sat Nov 26 06:12:13 EST 2016
ProcessKeyBinding 401 when=1480158733559 modifiers=80 code=11 char=ffff false false
--------------- 238 --------------
  Sat Nov 26 06:12:13 EST 2016
ProcessKeyBinding 401 when=1480158733991 modifiers=80 code=58 char=18 false false
--------------- 239 --------------
  Sat Nov 26 06:12:13 EST 2016
Menu Activated: Edit | Cut
Currently highlighted: 
    com.sun.electric.tool.user.HighlightEOBJ in cell 'decoder1{sch}': , 'inv_1x{ic}[inv_1x@6].a'
--------------- 240 --------------
  Sat Nov 26 06:12:14 EST 2016
ProcessKeyBinding 400 when=1480158733991 modifiers=80 code=0 char=18 false false
--------------- 241 --------------
  Sat Nov 26 06:12:14 EST 2016
ProcessKeyBinding 402 when=1480158734135 modifiers=80 code=58 char=18 false false
--------------- 242 --------------
  Sat Nov 26 06:12:14 EST 2016
ProcessKeyBinding 402 when=1480158734183 modifiers=0 code=11 char=ffff false false
--------------- 243 --------------
  Sat Nov 26 06:12:14 EST 2016
ProcessKeyBinding 401 when=1480158734967 modifiers=80 code=11 char=ffff false false
--------------- 244 --------------
  Sat Nov 26 06:12:15 EST 2016
ProcessKeyBinding 401 when=1480158735063 modifiers=80 code=56 char=16 false false
--------------- 245 --------------
  Sat Nov 26 06:12:15 EST 2016
Menu Activated: Edit | Paste
--------------- 246 --------------
  Sat Nov 26 06:12:15 EST 2016
ProcessKeyBinding 400 when=1480158735063 modifiers=80 code=0 char=16 false false
--------------- 247 --------------
  Sat Nov 26 06:12:15 EST 2016
ProcessKeyBinding 402 when=1480158735207 modifiers=0 code=11 char=ffff false false
--------------- 248 --------------
  Sat Nov 26 06:12:15 EST 2016
ProcessKeyBinding 402 when=1480158735223 modifiers=0 code=56 char=76(v) false false
--------------- 249 --------------
  Sat Nov 26 06:12:27 EST 2016
Menu Activated: Edit | Cleanup Cell | Cleanup Pins
--------------- 250 --------------
  Sat Nov 26 06:12:29 EST 2016
ProcessKeyBinding 401 when=1480158749335 modifiers=0 code=74 char=ffff false false
--------------- 251 --------------
  Sat Nov 26 06:12:29 EST 2016
Menu Activated: Tool | DRC | Check Hierarchically
--------------- 252 --------------
  Sat Nov 26 06:12:29 EST 2016
ProcessKeyBinding 402 when=1480158749447 modifiers=0 code=74 char=ffff false false
--------------- 253 --------------
  Sat Nov 26 06:12:30 EST 2016
ProcessKeyBinding 401 when=1480158750615 modifiers=80 code=11 char=ffff false false
--------------- 254 --------------
  Sat Nov 26 06:12:30 EST 2016
ProcessKeyBinding 401 when=1480158750759 modifiers=80 code=53 char=13 false false
--------------- 255 --------------
  Sat Nov 26 06:12:30 EST 2016
Menu Activated: File | Save All Libraries
--------------- 256 --------------
  Sat Nov 26 06:12:30 EST 2016
ProcessKeyBinding 400 when=1480158750759 modifiers=80 code=0 char=13 false false
--------------- 257 --------------
  Sat Nov 26 06:12:30 EST 2016
ProcessKeyBinding 402 when=1480158750887 modifiers=0 code=11 char=ffff false false
--------------- 258 --------------
  Sat Nov 26 06:12:30 EST 2016
ProcessKeyBinding 402 when=1480158750903 modifiers=0 code=53 char=73(s) false false
--------------- 259 --------------
  Sat Nov 26 06:12:39 EST 2016
ProcessKeyBinding 401 when=1480158759320 modifiers=0 code=74 char=ffff false false
--------------- 260 --------------
  Sat Nov 26 06:12:39 EST 2016
Menu Activated: Tool | DRC | Check Hierarchically
--------------- 261 --------------
  Sat Nov 26 06:12:39 EST 2016
ProcessKeyBinding 402 when=1480158759416 modifiers=0 code=74 char=ffff false false
--------------- 262 --------------
  Sat Nov 26 06:13:20 EST 2016
ProcessKeyBinding 401 when=1480158800152 modifiers=80 code=11 char=ffff false false
--------------- 263 --------------
  Sat Nov 26 06:13:20 EST 2016
ProcessKeyBinding 401 when=1480158800504 modifiers=80 code=53 char=13 false false
--------------- 264 --------------
  Sat Nov 26 06:13:20 EST 2016
Menu Activated: File | Save All Libraries
--------------- 265 --------------
  Sat Nov 26 06:13:20 EST 2016
ProcessKeyBinding 400 when=1480158800504 modifiers=80 code=0 char=13 false false
--------------- 266 --------------
  Sat Nov 26 06:13:20 EST 2016
ProcessKeyBinding 402 when=1480158800653 modifiers=80 code=53 char=13 false false
--------------- 267 --------------
  Sat Nov 26 06:13:20 EST 2016
ProcessKeyBinding 402 when=1480158800680 modifiers=0 code=11 char=ffff false false
--------------- 268 --------------
  Sat Nov 26 06:13:23 EST 2016
Menu Activated: Tool | Simulation (Verilog) | Write Verilog Deck...
--------------- 269 --------------
  Sat Nov 26 06:16:05 EST 2016
ProcessKeyBinding 401 when=1480158965738 modifiers=0 code=7f char=7f false false
--------------- 270 --------------
  Sat Nov 26 06:16:05 EST 2016
Menu Activated: Edit | Erase | Selected
Currently highlighted: 
    com.sun.electric.tool.user.HighlightEOBJ in cell 'decoder1{sch}': , wire['net@454']
--------------- 271 --------------
  Sat Nov 26 06:16:05 EST 2016
ProcessKeyBinding 400 when=1480158965738 modifiers=0 code=0 char=7f false false
--------------- 272 --------------
  Sat Nov 26 06:16:05 EST 2016
ProcessKeyBinding 402 when=1480158965834 modifiers=0 code=7f char=7f false false
--------------- 273 --------------
  Sat Nov 26 06:16:11 EST 2016
ProcessKeyBinding 401 when=1480158971194 modifiers=0 code=74 char=ffff false false
--------------- 274 --------------
  Sat Nov 26 06:16:11 EST 2016
Menu Activated: Tool | DRC | Check Hierarchically
--------------- 275 --------------
  Sat Nov 26 06:16:11 EST 2016
ProcessKeyBinding 402 when=1480158971354 modifiers=0 code=74 char=ffff false false
--------------- 276 --------------
  Sat Nov 26 06:16:12 EST 2016
ProcessKeyBinding 401 when=1480158972570 modifiers=80 code=11 char=ffff false false
--------------- 277 --------------
  Sat Nov 26 06:16:12 EST 2016
ProcessKeyBinding 401 when=1480158972730 modifiers=80 code=53 char=13 false false
--------------- 278 --------------
  Sat Nov 26 06:16:12 EST 2016
Menu Activated: File | Save All Libraries
--------------- 279 --------------
  Sat Nov 26 06:16:12 EST 2016
ProcessKeyBinding 400 when=1480158972730 modifiers=80 code=0 char=13 false false
--------------- 280 --------------
  Sat Nov 26 06:16:12 EST 2016
ProcessKeyBinding 402 when=1480158972890 modifiers=80 code=53 char=13 false false
--------------- 281 --------------
  Sat Nov 26 06:16:12 EST 2016
ProcessKeyBinding 402 when=1480158972906 modifiers=0 code=11 char=ffff false false
--------------- 282 --------------
  Sat Nov 26 06:16:27 EST 2016
Menu Activated: Tool | Simulation (Verilog) | Write Verilog Deck...
--------------- 283 --------------
  Sat Nov 26 06:16:52 EST 2016
ProcessKeyBinding 401 when=1480159012011 modifiers=80 code=11 char=ffff false false
--------------- 284 --------------
  Sat Nov 26 06:16:52 EST 2016
ProcessKeyBinding 401 when=1480159012139 modifiers=80 code=46 char=6 false false
--------------- 285 --------------
  Sat Nov 26 06:16:52 EST 2016
Menu Activated: Window | Special Zoom | Focus on Highlighted
--------------- 286 --------------
  Sat Nov 26 06:16:52 EST 2016
ProcessKeyBinding 400 when=1480159012139 modifiers=80 code=0 char=6 false false
--------------- 287 --------------
  Sat Nov 26 06:16:52 EST 2016
ProcessKeyBinding 402 when=1480159012267 modifiers=0 code=11 char=ffff false false
--------------- 288 --------------
  Sat Nov 26 06:16:52 EST 2016
ProcessKeyBinding 402 when=1480159012267 modifiers=0 code=46 char=66(f) false false
--------------- 289 --------------
  Sat Nov 26 06:16:54 EST 2016
ProcessKeyBinding 401 when=1480159014987 modifiers=80 code=11 char=ffff false false
--------------- 290 --------------
  Sat Nov 26 06:16:55 EST 2016
ProcessKeyBinding 401 when=1480159015531 modifiers=80 code=39 char=39(9) false false
--------------- 291 --------------
  Sat Nov 26 06:16:55 EST 2016
Menu Activated: Window | Fill Window
--------------- 292 --------------
  Sat Nov 26 06:16:55 EST 2016
ProcessKeyBinding 400 when=1480159015531 modifiers=80 code=0 char=39(9) false false
--------------- 293 --------------
  Sat Nov 26 06:16:55 EST 2016
ProcessKeyBinding 402 when=1480159015643 modifiers=80 code=39 char=39(9) false false
--------------- 294 --------------
  Sat Nov 26 06:16:55 EST 2016
ProcessKeyBinding 402 when=1480159015819 modifiers=0 code=11 char=ffff false false
--------------- 295 --------------
  Sat Nov 26 08:36:27 EST 2016
ProcessKeyBinding 401 when=1480167387431 modifiers=80 code=11 char=ffff false false
--------------- 296 --------------
  Sat Nov 26 08:36:27 EST 2016
ProcessKeyBinding 401 when=1480167387655 modifiers=80 code=53 char=13 false false
--------------- 297 --------------
  Sat Nov 26 08:36:27 EST 2016
Menu Activated: File | Save All Libraries
--------------- 298 --------------
  Sat Nov 26 08:36:27 EST 2016
ProcessKeyBinding 400 when=1480167387655 modifiers=80 code=0 char=13 false false
--------------- 299 --------------
  Sat Nov 26 08:36:27 EST 2016
ProcessKeyBinding 402 when=1480167387804 modifiers=80 code=53 char=13 false false
--------------- 300 --------------
  Sat Nov 26 08:36:27 EST 2016
ProcessKeyBinding 402 when=1480167387835 modifiers=0 code=11 char=ffff false false
