Assembler report for 6_bit_kogge_stone_adder
Thu Nov 24 12:46:52 2016
Quartus II 64-Bit Version 14.0.0 Build 200 06/17/2014 SJ Web Edition


---------------------
; Table of Contents ;
---------------------
  1. Legal Notice
  2. Assembler Summary
  3. Assembler Settings
  4. Assembler Generated Files
  5. Assembler Device Options: C:/Users/Adam Cavatassi/Dropbox/McGill/MEng Year 1/ECSE 548 - Intro to VLSI/Viterbi/Kogge Stone Adder/output_files/6_bit_kogge_stone_adder.sof
  6. Assembler Messages



----------------
; Legal Notice ;
----------------
Copyright (C) 1991-2014 Altera Corporation. All rights reserved.
Your use of Altera Corporation's design tools, logic functions 
and other software and tools, and its AMPP partner logic 
functions, and any output files from any of the foregoing 
(including device programming or simulation files), and any 
associated documentation or information are expressly subject 
to the terms and conditions of the Altera Program License 
Subscription Agreement, the Altera Quartus II License Agreement,
the Altera MegaCore Function License Agreement, or other 
applicable license agreement, including, without limitation, 
that your use is for the sole purpose of programming logic 
devices manufactured by Altera and sold by Altera or its 
authorized distributors.  Please refer to the applicable 
agreement for further details.



+---------------------------------------------------------------+
; Assembler Summary                                             ;
+-----------------------+---------------------------------------+
; Assembler Status      ; Successful - Thu Nov 24 12:46:52 2016 ;
; Revision Name         ; 6_bit_kogge_stone_adder               ;
; Top-level Entity Name ; six_bit_kogge_stone_adder             ;
; Family                ; Cyclone IV E                          ;
; Device                ; EP4CE115F29C7                         ;
+-----------------------+---------------------------------------+


+----------------------------------+
; Assembler Settings               ;
+--------+---------+---------------+
; Option ; Setting ; Default Value ;
+--------+---------+---------------+


+------------------------------------------------------------------------------------------------------------------------------------------------+
; Assembler Generated Files                                                                                                                      ;
+------------------------------------------------------------------------------------------------------------------------------------------------+
; File Name                                                                                                                                      ;
+------------------------------------------------------------------------------------------------------------------------------------------------+
; C:/Users/Adam Cavatassi/Dropbox/McGill/MEng Year 1/ECSE 548 - Intro to VLSI/Viterbi/Kogge Stone Adder/output_files/6_bit_kogge_stone_adder.sof ;
+------------------------------------------------------------------------------------------------------------------------------------------------+


+--------------------------------------------------------------------------------------------------------------------------------------------------------------------------+
; Assembler Device Options: C:/Users/Adam Cavatassi/Dropbox/McGill/MEng Year 1/ECSE 548 - Intro to VLSI/Viterbi/Kogge Stone Adder/output_files/6_bit_kogge_stone_adder.sof ;
+----------------+---------------------------------------------------------------------------------------------------------------------------------------------------------+
; Option         ; Setting                                                                                                                                                 ;
+----------------+---------------------------------------------------------------------------------------------------------------------------------------------------------+
; Device         ; EP4CE115F29C7                                                                                                                                           ;
; JTAG usercode  ; 0x00566939                                                                                                                                              ;
; Checksum       ; 0x00566939                                                                                                                                              ;
+----------------+---------------------------------------------------------------------------------------------------------------------------------------------------------+


+--------------------+
; Assembler Messages ;
+--------------------+
Info: *******************************************************************
Info: Running Quartus II 64-Bit Assembler
    Info: Version 14.0.0 Build 200 06/17/2014 SJ Web Edition
    Info: Processing started: Thu Nov 24 12:46:47 2016
Info: Command: quartus_asm --read_settings_files=off --write_settings_files=off 6_bit_kogge_stone_adder -c 6_bit_kogge_stone_adder
Info (115031): Writing out detailed assembly data for power analysis
Info (115030): Assembler is generating device programming files
Info: Quartus II 64-Bit Assembler was successful. 0 errors, 0 warnings
    Info: Peak virtual memory: 505 megabytes
    Info: Processing ended: Thu Nov 24 12:46:52 2016
    Info: Elapsed time: 00:00:05
    Info: Total CPU time (on all processors): 00:00:05


