Flow report for 6_bit_kogge_stone_adder
Thu Nov 24 12:48:09 2016
Quartus II 64-Bit Version 14.0.0 Build 200 06/17/2014 SJ Web Edition


---------------------
; Table of Contents ;
---------------------
  1. Legal Notice
  2. Flow Summary
  3. Flow Settings
  4. Flow Non-Default Global Settings
  5. Flow Elapsed Time
  6. Flow OS Summary
  7. Flow Log
  8. Flow Messages
  9. Flow Suppressed Messages



----------------
; Legal Notice ;
----------------
Copyright (C) 1991-2014 Altera Corporation. All rights reserved.
Your use of Altera Corporation's design tools, logic functions 
and other software and tools, and its AMPP partner logic 
functions, and any output files from any of the foregoing 
(including device programming or simulation files), and any 
associated documentation or information are expressly subject 
to the terms and conditions of the Altera Program License 
Subscription Agreement, the Altera Quartus II License Agreement,
the Altera MegaCore Function License Agreement, or other 
applicable license agreement, including, without limitation, 
that your use is for the sole purpose of programming logic 
devices manufactured by Altera and sold by Altera or its 
authorized distributors.  Please refer to the applicable 
agreement for further details.



+---------------------------------------------------------------------------------+
; Flow Summary                                                                    ;
+------------------------------------+--------------------------------------------+
; Flow Status                        ; Successful - Thu Nov 24 12:48:09 2016      ;
; Quartus II 64-Bit Version          ; 14.0.0 Build 200 06/17/2014 SJ Web Edition ;
; Revision Name                      ; 6_bit_kogge_stone_adder                    ;
; Top-level Entity Name              ; six_bit_kogge_stone_adder                  ;
; Family                             ; Cyclone IV E                               ;
; Device                             ; EP4CE115F29C7                              ;
; Timing Models                      ; Final                                      ;
; Total logic elements               ; 21 / 114,480 ( < 1 % )                     ;
;     Total combinational functions  ; 21 / 114,480 ( < 1 % )                     ;
;     Dedicated logic registers      ; 0 / 114,480 ( 0 % )                        ;
; Total registers                    ; 0                                          ;
; Total pins                         ; 25 / 529 ( 5 % )                           ;
; Total virtual pins                 ; 0                                          ;
; Total memory bits                  ; 0 / 3,981,312 ( 0 % )                      ;
; Embedded Multiplier 9-bit elements ; 0 / 532 ( 0 % )                            ;
; Total PLLs                         ; 0 / 4 ( 0 % )                              ;
+------------------------------------+--------------------------------------------+


+---------------------------------------------+
; Flow Settings                               ;
+-------------------+-------------------------+
; Option            ; Setting                 ;
+-------------------+-------------------------+
; Start date & time ; 11/24/2016 12:46:28     ;
; Main task         ; Compilation             ;
; Revision Name     ; 6_bit_kogge_stone_adder ;
+-------------------+-------------------------+


+-------------------------------------------------------------------------------------------------------------------------------------------------------------------------------------------------------------------------------------+
; Flow Non-Default Global Settings                                                                                                                                                                                                    ;
+-------------------------------------+------------------------------------------------------------------------------------------------------------------------+-------------------------+---------------------------+----------------+
; Assignment Name                     ; Value                                                                                                                  ; Default Value           ; Entity Name               ; Section Id     ;
+-------------------------------------+------------------------------------------------------------------------------------------------------------------------+-------------------------+---------------------------+----------------+
; COMPILER_SIGNATURE_ID               ; 44748151147686.148000958804952                                                                                         ; --                      ; --                        ; --             ;
; EDA_GENERATE_FUNCTIONAL_NETLIST     ; On                                                                                                                     ; --                      ; --                        ; eda_simulation ;
; EDA_NETLIST_WRITER_OUTPUT_DIR       ; C:/Users/Adam Cavatassi/Dropbox/McGill/MEng Year 1/ECSE 548 - Intro to VLSI/Viterbi/Kogge Stone Adder/simulation/qsim/ ; --                      ; --                        ; eda_simulation ;
; EDA_OUTPUT_DATA_FORMAT              ; Verilog Hdl                                                                                                            ; --                      ; --                        ; eda_simulation ;
; EDA_SIMULATION_TOOL                 ; ModelSim-Altera (Verilog)                                                                                              ; <None>                  ; --                        ; --             ;
; MAX_CORE_JUNCTION_TEMP              ; 85                                                                                                                     ; --                      ; --                        ; --             ;
; MIN_CORE_JUNCTION_TEMP              ; 0                                                                                                                      ; --                      ; --                        ; --             ;
; NOMINAL_CORE_SUPPLY_VOLTAGE         ; 1.2V                                                                                                                   ; --                      ; --                        ; --             ;
; PARTITION_COLOR                     ; 16764057                                                                                                               ; --                      ; six_bit_kogge_stone_adder ; Top            ;
; PARTITION_FITTER_PRESERVATION_LEVEL ; PLACEMENT_AND_ROUTING                                                                                                  ; --                      ; six_bit_kogge_stone_adder ; Top            ;
; PARTITION_NETLIST_TYPE              ; SOURCE                                                                                                                 ; --                      ; six_bit_kogge_stone_adder ; Top            ;
; POWER_BOARD_THERMAL_MODEL           ; None (CONSERVATIVE)                                                                                                    ; --                      ; --                        ; --             ;
; POWER_PRESET_COOLING_SOLUTION       ; 23 MM HEAT SINK WITH 200 LFPM AIRFLOW                                                                                  ; --                      ; --                        ; --             ;
; PROJECT_OUTPUT_DIRECTORY            ; output_files                                                                                                           ; --                      ; --                        ; --             ;
; TOP_LEVEL_ENTITY                    ; six_bit_kogge_stone_adder                                                                                              ; 6_bit_kogge_stone_adder ; --                        ; --             ;
+-------------------------------------+------------------------------------------------------------------------------------------------------------------------+-------------------------+---------------------------+----------------+


+-------------------------------------------------------------------------------------------------------------------------------+
; Flow Elapsed Time                                                                                                             ;
+---------------------------+--------------+-------------------------+---------------------+------------------------------------+
; Module Name               ; Elapsed Time ; Average Processors Used ; Peak Virtual Memory ; Total CPU Time (on all processors) ;
+---------------------------+--------------+-------------------------+---------------------+------------------------------------+
; Analysis & Synthesis      ; 00:00:02     ; 1.0                     ; 574 MB              ; 00:00:02                           ;
; Fitter                    ; 00:00:12     ; 1.3                     ; 1104 MB             ; 00:00:15                           ;
; Assembler                 ; 00:00:05     ; 1.0                     ; 505 MB              ; 00:00:05                           ;
; TimeQuest Timing Analyzer ; 00:00:03     ; 1.0                     ; 609 MB              ; 00:00:02                           ;
; EDA Netlist Writer        ; 00:00:00     ; 1.0                     ; 448 MB              ; 00:00:00                           ;
; EDA Netlist Writer        ; 00:00:01     ; 1.0                     ; 453 MB              ; 00:00:00                           ;
; EDA Netlist Writer        ; 00:00:01     ; 1.0                     ; 453 MB              ; 00:00:01                           ;
; EDA Netlist Writer        ; 00:00:00     ; 1.0                     ; 453 MB              ; 00:00:00                           ;
; EDA Netlist Writer        ; 00:00:01     ; 1.0                     ; 453 MB              ; 00:00:01                           ;
; Total                     ; 00:00:25     ; --                      ; --                  ; 00:00:26                           ;
+---------------------------+--------------+-------------------------+---------------------+------------------------------------+


+----------------------------------------------------------------------------------------+
; Flow OS Summary                                                                        ;
+---------------------------+------------------+-----------+------------+----------------+
; Module Name               ; Machine Hostname ; OS Name   ; OS Version ; Processor type ;
+---------------------------+------------------+-----------+------------+----------------+
; Analysis & Synthesis      ; AdamCavatassi    ; Windows 7 ; 6.1        ; x86_64         ;
; Fitter                    ; AdamCavatassi    ; Windows 7 ; 6.1        ; x86_64         ;
; Assembler                 ; AdamCavatassi    ; Windows 7 ; 6.1        ; x86_64         ;
; TimeQuest Timing Analyzer ; AdamCavatassi    ; Windows 7 ; 6.1        ; x86_64         ;
; EDA Netlist Writer        ; AdamCavatassi    ; Windows 7 ; 6.1        ; x86_64         ;
; EDA Netlist Writer        ; AdamCavatassi    ; Windows 7 ; 6.1        ; x86_64         ;
; EDA Netlist Writer        ; AdamCavatassi    ; Windows 7 ; 6.1        ; x86_64         ;
; EDA Netlist Writer        ; AdamCavatassi    ; Windows 7 ; 6.1        ; x86_64         ;
; EDA Netlist Writer        ; AdamCavatassi    ; Windows 7 ; 6.1        ; x86_64         ;
+---------------------------+------------------+-----------+------------+----------------+


------------
; Flow Log ;
------------
quartus_map --read_settings_files=on --write_settings_files=off 6_bit_kogge_stone_adder -c 6_bit_kogge_stone_adder
quartus_fit --read_settings_files=off --write_settings_files=off 6_bit_kogge_stone_adder -c 6_bit_kogge_stone_adder
quartus_asm --read_settings_files=off --write_settings_files=off 6_bit_kogge_stone_adder -c 6_bit_kogge_stone_adder
quartus_sta 6_bit_kogge_stone_adder -c 6_bit_kogge_stone_adder
quartus_eda --read_settings_files=off --write_settings_files=off 6_bit_kogge_stone_adder -c 6_bit_kogge_stone_adder
quartus_eda --gen_testbench --check_outputs=on --tool=modelsim_oem --format=verilog 6_bit_kogge_stone_adder -c 6_bit_kogge_stone_adder --vector_source="C:/Users/Adam Cavatassi/Dropbox/McGill/MEng Year 1/ECSE 548 - Intro to VLSI/Viterbi/Kogge Stone Adder/Waveform1.vwf" --testbench_file="C:/Users/Adam Cavatassi/Dropbox/McGill/MEng Year 1/ECSE 548 - Intro to VLSI/Viterbi/Kogge Stone Adder/simulation/qsim/Waveform1.vwf.vt"
quartus_eda --functional=on --flatten_buses=off --simulation=on --tool=modelsim_oem --format=verilog --output_directory="C:/Users/Adam Cavatassi/Dropbox/McGill/MEng Year 1/ECSE 548 - Intro to VLSI/Viterbi/Kogge Stone Adder/simulation/qsim/" 6_bit_kogge_stone_adder -c 6_bit_kogge_stone_adder
quartus_eda --gen_testbench --check_outputs=on --tool=modelsim_oem --format=verilog 6_bit_kogge_stone_adder -c 6_bit_kogge_stone_adder --vector_source="C:/Users/Adam Cavatassi/Dropbox/McGill/MEng Year 1/ECSE 548 - Intro to VLSI/Viterbi/Kogge Stone Adder/Waveform1.vwf" --testbench_file="C:/Users/Adam Cavatassi/Dropbox/McGill/MEng Year 1/ECSE 548 - Intro to VLSI/Viterbi/Kogge Stone Adder/simulation/qsim/Waveform1.vwf.vt"
quartus_eda --functional=on --flatten_buses=off --simulation=on --tool=modelsim_oem --format=verilog --output_directory="C:/Users/Adam Cavatassi/Dropbox/McGill/MEng Year 1/ECSE 548 - Intro to VLSI/Viterbi/Kogge Stone Adder/simulation/qsim/" 6_bit_kogge_stone_adder -c 6_bit_kogge_stone_adder



