Analysis & Synthesis report for 6_bit_kogge_stone_adder
Thu Nov 24 12:46:30 2016
Quartus II 64-Bit Version 14.0.0 Build 200 06/17/2014 SJ Web Edition


---------------------
; Table of Contents ;
---------------------
  1. Legal Notice
  2. Analysis & Synthesis Summary
  3. Analysis & Synthesis Settings
  4. Parallel Compilation
  5. Analysis & Synthesis Source Files Read
  6. Analysis & Synthesis Resource Usage Summary
  7. Analysis & Synthesis Resource Utilization by Entity
  8. General Register Statistics
  9. Port Connectivity Checks: "bit_prop_gen:BPG6"
 10. Post-Synthesis Netlist Statistics for Top Partition
 11. Elapsed Time Per Partition
 12. Analysis & Synthesis Messages



----------------
; Legal Notice ;
----------------
Copyright (C) 1991-2014 Altera Corporation. All rights reserved.
Your use of Altera Corporation's design tools, logic functions 
and other software and tools, and its AMPP partner logic 
functions, and any output files from any of the foregoing 
(including device programming or simulation files), and any 
associated documentation or information are expressly subject 
to the terms and conditions of the Altera Program License 
Subscription Agreement, the Altera Quartus II License Agreement,
the Altera MegaCore Function License Agreement, or other 
applicable license agreement, including, without limitation, 
that your use is for the sole purpose of programming logic 
devices manufactured by Altera and sold by Altera or its 
authorized distributors.  Please refer to the applicable 
agreement for further details.



+---------------------------------------------------------------------------------+
; Analysis & Synthesis Summary                                                    ;
+------------------------------------+--------------------------------------------+
; Analysis & Synthesis Status        ; Successful - Thu Nov 24 12:46:30 2016      ;
; Quartus II 64-Bit Version          ; 14.0.0 Build 200 06/17/2014 SJ Web Edition ;
; Revision Name                      ; 6_bit_kogge_stone_adder                    ;
; Top-level Entity Name              ; six_bit_kogge_stone_adder                  ;
; Family                             ; Cyclone IV E                               ;
; Total logic elements               ; 21                                         ;
;     Total combinational functions  ; 21                                         ;
;     Dedicated logic registers      ; 0                                          ;
; Total registers                    ; 0                                          ;
; Total pins                         ; 25                                         ;
; Total virtual pins                 ; 0                                          ;
; Total memory bits                  ; 0                                          ;
; Embedded Multiplier 9-bit elements ; 0                                          ;
; Total PLLs                         ; 0                                          ;
+------------------------------------+--------------------------------------------+


+----------------------------------------------------------------------------------------------------------------------------------+
; Analysis & Synthesis Settings                                                                                                    ;
+----------------------------------------------------------------------------+---------------------------+-------------------------+
; Option                                                                     ; Setting                   ; Default Value           ;
+----------------------------------------------------------------------------+---------------------------+-------------------------+
; Device                                                                     ; EP4CE115F29C7             ;                         ;
; Top-level entity name                                                      ; six_bit_kogge_stone_adder ; 6_bit_kogge_stone_adder ;
; Family name                                                                ; Cyclone IV E              ; Cyclone IV GX           ;
; Use smart compilation                                                      ; Off                       ; Off                     ;
; Enable parallel Assembler and TimeQuest Timing Analyzer during compilation ; On                        ; On                      ;
; Enable compact report table                                                ; Off                       ; Off                     ;
; Restructure Multiplexers                                                   ; Auto                      ; Auto                    ;
; Create Debugging Nodes for IP Cores                                        ; Off                       ; Off                     ;
; Preserve fewer node names                                                  ; On                        ; On                      ;
; Disable OpenCore Plus hardware evaluation                                  ; Off                       ; Off                     ;
; Verilog Version                                                            ; Verilog_2001              ; Verilog_2001            ;
; VHDL Version                                                               ; VHDL_1993                 ; VHDL_1993               ;
; State Machine Processing                                                   ; Auto                      ; Auto                    ;
; Safe State Machine                                                         ; Off                       ; Off                     ;
; Extract Verilog State Machines                                             ; On                        ; On                      ;
; Extract VHDL State Machines                                                ; On                        ; On                      ;
; Ignore Verilog initial constructs                                          ; Off                       ; Off                     ;
; Iteration limit for constant Verilog loops                                 ; 5000                      ; 5000                    ;
; Iteration limit for non-constant Verilog loops                             ; 250                       ; 250                     ;
; Add Pass-Through Logic to Inferred RAMs                                    ; On                        ; On                      ;
; Infer RAMs from Raw Logic                                                  ; On                        ; On                      ;
; Parallel Synthesis                                                         ; On                        ; On                      ;
; DSP Block Balancing                                                        ; Auto                      ; Auto                    ;
; NOT Gate Push-Back                                                         ; On                        ; On                      ;
; Power-Up Don't Care                                                        ; On                        ; On                      ;
; Remove Redundant Logic Cells                                               ; Off                       ; Off                     ;
; Remove Duplicate Registers                                                 ; On                        ; On                      ;
; Ignore CARRY Buffers                                                       ; Off                       ; Off                     ;
; Ignore CASCADE Buffers                                                     ; Off                       ; Off                     ;
; Ignore GLOBAL Buffers                                                      ; Off                       ; Off                     ;
; Ignore ROW GLOBAL Buffers                                                  ; Off                       ; Off                     ;
; Ignore LCELL Buffers                                                       ; Off                       ; Off                     ;
; Ignore SOFT Buffers                                                        ; On                        ; On                      ;
; Limit AHDL Integers to 32 Bits                                             ; Off                       ; Off                     ;
; Optimization Technique                                                     ; Balanced                  ; Balanced                ;
; Carry Chain Length                                                         ; 70                        ; 70                      ;
; Auto Carry Chains                                                          ; On                        ; On                      ;
; Auto Open-Drain Pins                                                       ; On                        ; On                      ;
; Perform WYSIWYG Primitive Resynthesis                                      ; Off                       ; Off                     ;
; Auto ROM Replacement                                                       ; On                        ; On                      ;
; Auto RAM Replacement                                                       ; On                        ; On                      ;
; Auto DSP Block Replacement                                                 ; On                        ; On                      ;
; Auto Shift Register Replacement                                            ; Auto                      ; Auto                    ;
; Allow Shift Register Merging across Hierarchies                            ; Auto                      ; Auto                    ;
; Auto Clock Enable Replacement                                              ; On                        ; On                      ;
; Strict RAM Replacement                                                     ; Off                       ; Off                     ;
; Allow Synchronous Control Signals                                          ; On                        ; On                      ;
; Force Use of Synchronous Clear Signals                                     ; Off                       ; Off                     ;
; Auto RAM Block Balancing                                                   ; On                        ; On                      ;
; Auto RAM to Logic Cell Conversion                                          ; Off                       ; Off                     ;
; Auto Resource Sharing                                                      ; Off                       ; Off                     ;
; Allow Any RAM Size For Recognition                                         ; Off                       ; Off                     ;
; Allow Any ROM Size For Recognition                                         ; Off                       ; Off                     ;
; Allow Any Shift Register Size For Recognition                              ; Off                       ; Off                     ;
; Use LogicLock Constraints during Resource Balancing                        ; On                        ; On                      ;
; Ignore translate_off and synthesis_off directives                          ; Off                       ; Off                     ;
; Timing-Driven Synthesis                                                    ; On                        ; On                      ;
; Report Parameter Settings                                                  ; On                        ; On                      ;
; Report Source Assignments                                                  ; On                        ; On                      ;
; Report Connectivity Checks                                                 ; On                        ; On                      ;
; Ignore Maximum Fan-Out Assignments                                         ; Off                       ; Off                     ;
; Synchronization Register Chain Length                                      ; 2                         ; 2                       ;
; PowerPlay Power Optimization                                               ; Normal compilation        ; Normal compilation      ;
; HDL message level                                                          ; Level2                    ; Level2                  ;
; Suppress Register Optimization Related Messages                            ; Off                       ; Off                     ;
; Number of Removed Registers Reported in Synthesis Report                   ; 5000                      ; 5000                    ;
; Number of Swept Nodes Reported in Synthesis Report                         ; 5000                      ; 5000                    ;
; Number of Inverted Registers Reported in Synthesis Report                  ; 100                       ; 100                     ;
; Clock MUX Protection                                                       ; On                        ; On                      ;
; Auto Gated Clock Conversion                                                ; Off                       ; Off                     ;
; Block Design Naming                                                        ; Auto                      ; Auto                    ;
; SDC constraint protection                                                  ; Off                       ; Off                     ;
; Synthesis Effort                                                           ; Auto                      ; Auto                    ;
; Shift Register Replacement - Allow Asynchronous Clear Signal               ; On                        ; On                      ;
; Pre-Mapping Resynthesis Optimization                                       ; Off                       ; Off                     ;
; Analysis & Synthesis Message Level                                         ; Medium                    ; Medium                  ;
; Disable Register Merging Across Hierarchies                                ; Auto                      ; Auto                    ;
; Resource Aware Inference For Block RAM                                     ; On                        ; On                      ;
; Synthesis Seed                                                             ; 1                         ; 1                       ;
+----------------------------------------------------------------------------+---------------------------+-------------------------+


+------------------------------------------+
; Parallel Compilation                     ;
+----------------------------+-------------+
; Processors                 ; Number      ;
+----------------------------+-------------+
; Number detected on machine ; 4           ;
; Maximum allowed            ; 2           ;
;                            ;             ;
; Average used               ; 1.00        ;
; Maximum used               ; 1           ;
;                            ;             ;
; Usage by Processor         ; % Time Used ;
;     Processor 1            ; 100.0%      ;
;     Processors 2-4         ;   0.0%      ;
+----------------------------+-------------+


+----------------------------------------------------------------------------------------------------------------------------------------------------------------------------------------------------------------------+
; Analysis & Synthesis Source Files Read                                                                                                                                                                               ;
+----------------------------------+-----------------+-----------------+-------------------------------------------------------------------------------------------------------------------------------------+---------+
; File Name with User-Entered Path ; Used in Netlist ; File Type       ; File Name with Absolute Path                                                                                                        ; Library ;
+----------------------------------+-----------------+-----------------+-------------------------------------------------------------------------------------------------------------------------------------+---------+
; bit_prop_gen.vhd                 ; yes             ; User VHDL File  ; C:/Users/Adam Cavatassi/Dropbox/McGill/MEng Year 1/ECSE 548 - Intro to VLSI/Viterbi/Kogge Stone Adder/bit_prop_gen.vhd              ;         ;
; six_bit_kogge_stone_adder.vhd    ; yes             ; User VHDL File  ; C:/Users/Adam Cavatassi/Dropbox/McGill/MEng Year 1/ECSE 548 - Intro to VLSI/Viterbi/Kogge Stone Adder/six_bit_kogge_stone_adder.vhd ;         ;
; group_prop_gen.vhd               ; yes             ; User VHDL File  ; C:/Users/Adam Cavatassi/Dropbox/McGill/MEng Year 1/ECSE 548 - Intro to VLSI/Viterbi/Kogge Stone Adder/group_prop_gen.vhd            ;         ;
; group_gen.vhd                    ; yes             ; User VHDL File  ; C:/Users/Adam Cavatassi/Dropbox/McGill/MEng Year 1/ECSE 548 - Intro to VLSI/Viterbi/Kogge Stone Adder/group_gen.vhd                 ;         ;
+----------------------------------+-----------------+-----------------+-------------------------------------------------------------------------------------------------------------------------------------+---------+


+----------------------------------------------------------+
; Analysis & Synthesis Resource Usage Summary              ;
+---------------------------------------------+------------+
; Resource                                    ; Usage      ;
+---------------------------------------------+------------+
; Estimated Total logic elements              ; 21         ;
;                                             ;            ;
; Total combinational functions               ; 21         ;
; Logic element usage by number of LUT inputs ;            ;
;     -- 4 input functions                    ; 13         ;
;     -- 3 input functions                    ; 4          ;
;     -- <=2 input functions                  ; 4          ;
;                                             ;            ;
; Logic elements by mode                      ;            ;
;     -- normal mode                          ; 21         ;
;     -- arithmetic mode                      ; 0          ;
;                                             ;            ;
; Total registers                             ; 0          ;
;     -- Dedicated logic registers            ; 0          ;
;     -- I/O registers                        ; 0          ;
;                                             ;            ;
; I/O pins                                    ; 25         ;
; Embedded Multiplier 9-bit elements          ; 0          ;
; Maximum fan-out node                        ; A[2]~input ;
; Maximum fan-out                             ; 6          ;
; Total fan-out                               ; 105        ;
; Average fan-out                             ; 1.48       ;
+---------------------------------------------+------------+


+--------------------------------------------------------------------------------------------------------------------------------------------------------------------------------------------------------+
; Analysis & Synthesis Resource Utilization by Entity                                                                                                                                                    ;
+----------------------------+-------------------+--------------+-------------+--------------+---------+-----------+------+--------------+------------------------------------------------+--------------+
; Compilation Hierarchy Node ; LC Combinationals ; LC Registers ; Memory Bits ; DSP Elements ; DSP 9x9 ; DSP 18x18 ; Pins ; Virtual Pins ; Full Hierarchy Name                            ; Library Name ;
+----------------------------+-------------------+--------------+-------------+--------------+---------+-----------+------+--------------+------------------------------------------------+--------------+
; |six_bit_kogge_stone_adder ; 21 (6)            ; 0 (0)        ; 0           ; 0            ; 0       ; 0         ; 25   ; 0            ; |six_bit_kogge_stone_adder                     ; work         ;
;    |bit_prop_gen:BPG2|     ; 1 (1)             ; 0 (0)        ; 0           ; 0            ; 0       ; 0         ; 0    ; 0            ; |six_bit_kogge_stone_adder|bit_prop_gen:BPG2   ; work         ;
;    |bit_prop_gen:BPG3|     ; 1 (1)             ; 0 (0)        ; 0           ; 0            ; 0       ; 0         ; 0    ; 0            ; |six_bit_kogge_stone_adder|bit_prop_gen:BPG3   ; work         ;
;    |bit_prop_gen:BPG4|     ; 1 (1)             ; 0 (0)        ; 0           ; 0            ; 0       ; 0         ; 0    ; 0            ; |six_bit_kogge_stone_adder|bit_prop_gen:BPG4   ; work         ;
;    |bit_prop_gen:BPG5|     ; 1 (1)             ; 0 (0)        ; 0           ; 0            ; 0       ; 0         ; 0    ; 0            ; |six_bit_kogge_stone_adder|bit_prop_gen:BPG5   ; work         ;
;    |group_gen:GG1|         ; 1 (1)             ; 0 (0)        ; 0           ; 0            ; 0       ; 0         ; 0    ; 0            ; |six_bit_kogge_stone_adder|group_gen:GG1       ; work         ;
;    |group_gen:GG2|         ; 1 (1)             ; 0 (0)        ; 0           ; 0            ; 0       ; 0         ; 0    ; 0            ; |six_bit_kogge_stone_adder|group_gen:GG2       ; work         ;
;    |group_gen:GG3|         ; 1 (1)             ; 0 (0)        ; 0           ; 0            ; 0       ; 0         ; 0    ; 0            ; |six_bit_kogge_stone_adder|group_gen:GG3       ; work         ;
;    |group_gen:GG5|         ; 1 (1)             ; 0 (0)        ; 0           ; 0            ; 0       ; 0         ; 0    ; 0            ; |six_bit_kogge_stone_adder|group_gen:GG5       ; work         ;
;    |group_prop_gen:GPG2|   ; 1 (1)             ; 0 (0)        ; 0           ; 0            ; 0       ; 0         ; 0    ; 0            ; |six_bit_kogge_stone_adder|group_prop_gen:GPG2 ; work         ;
;    |group_prop_gen:GPG3|   ; 1 (1)             ; 0 (0)        ; 0           ; 0            ; 0       ; 0         ; 0    ; 0            ; |six_bit_kogge_stone_adder|group_prop_gen:GPG3 ; work         ;
;    |group_prop_gen:GPG4|   ; 1 (1)             ; 0 (0)        ; 0           ; 0            ; 0       ; 0         ; 0    ; 0            ; |six_bit_kogge_stone_adder|group_prop_gen:GPG4 ; work         ;
;    |group_prop_gen:GPG5|   ; 1 (1)             ; 0 (0)        ; 0           ; 0            ; 0       ; 0         ; 0    ; 0            ; |six_bit_kogge_stone_adder|group_prop_gen:GPG5 ; work         ;
;    |group_prop_gen:GPG7|   ; 2 (2)             ; 0 (0)        ; 0           ; 0            ; 0       ; 0         ; 0    ; 0            ; |six_bit_kogge_stone_adder|group_prop_gen:GPG7 ; work         ;
;    |group_prop_gen:GPG8|   ; 1 (1)             ; 0 (0)        ; 0           ; 0            ; 0       ; 0         ; 0    ; 0            ; |six_bit_kogge_stone_adder|group_prop_gen:GPG8 ; work         ;
+----------------------------+-------------------+--------------+-------------+--------------+---------+-----------+------+--------------+------------------------------------------------+--------------+
Note: For table entries with two numbers listed, the numbers in parentheses indicate the number of resources of the given type used by the specific entity alone. The numbers listed outside of parentheses indicate the total resources of the given type used by the specific entity and all of its sub-entities in the hierarchy.


+------------------------------------------------------+
; General Register Statistics                          ;
+----------------------------------------------+-------+
; Statistic                                    ; Value ;
+----------------------------------------------+-------+
; Total registers                              ; 0     ;
; Number of registers using Synchronous Clear  ; 0     ;
; Number of registers using Synchronous Load   ; 0     ;
; Number of registers using Asynchronous Clear ; 0     ;
; Number of registers using Asynchronous Load  ; 0     ;
; Number of registers using Clock Enable       ; 0     ;
; Number of registers using Preset             ; 0     ;
+----------------------------------------------+-------+


+----------------------------------------------------------------------------------------------------------------+
; Port Connectivity Checks: "bit_prop_gen:BPG6"                                                                  ;
+------+--------+----------+-------------------------------------------------------------------------------------+
; Port ; Type   ; Severity ; Details                                                                             ;
+------+--------+----------+-------------------------------------------------------------------------------------+
; g    ; Output ; Info     ; Connected to dangling logic. Logic that only feeds a dangling port will be removed. ;
+------+--------+----------+-------------------------------------------------------------------------------------+


+-----------------------------------------------------+
; Post-Synthesis Netlist Statistics for Top Partition ;
+-----------------------+-----------------------------+
; Type                  ; Count                       ;
+-----------------------+-----------------------------+
; boundary_port         ; 25                          ;
; cycloneiii_lcell_comb ; 22                          ;
;     normal            ; 22                          ;
;         0 data inputs ; 1                           ;
;         2 data inputs ; 4                           ;
;         3 data inputs ; 4                           ;
;         4 data inputs ; 13                          ;
;                       ;                             ;
; Max LUT depth         ; 4.00                        ;
; Average LUT depth     ; 3.29                        ;
+-----------------------+-----------------------------+


+-------------------------------+
; Elapsed Time Per Partition    ;
+----------------+--------------+
; Partition Name ; Elapsed Time ;
+----------------+--------------+
; Top            ; 00:00:00     ;
+----------------+--------------+


+-------------------------------+
; Analysis & Synthesis Messages ;
+-------------------------------+
Info: *******************************************************************
Info: Running Quartus II 64-Bit Analysis & Synthesis
    Info: Version 14.0.0 Build 200 06/17/2014 SJ Web Edition
    Info: Processing started: Thu Nov 24 12:46:28 2016
Info: Command: quartus_map --read_settings_files=on --write_settings_files=off 6_bit_kogge_stone_adder -c 6_bit_kogge_stone_adder
Info (11104): Parallel Compilation has detected 4 hyper-threaded processors. However, the extra hyper-threaded processors will not be used by default. Parallel Compilation will use 2 of the 2 physical processors detected instead.
Warning (12019): Can't analyze file -- file 6_bit_kogge_stone_adder.vhd is missing
Info (12021): Found 2 design units, including 1 entities, in source file bit_prop_gen.vhd
    Info (12022): Found design unit 1: bit_prop_gen-arch
    Info (12023): Found entity 1: bit_prop_gen
Info (12021): Found 2 design units, including 1 entities, in source file six_bit_kogge_stone_adder.vhd
    Info (12022): Found design unit 1: six_bit_kogge_stone_adder-arch
    Info (12023): Found entity 1: six_bit_kogge_stone_adder
Info (12021): Found 2 design units, including 1 entities, in source file group_prop_gen.vhd
    Info (12022): Found design unit 1: group_prop_gen-arch
    Info (12023): Found entity 1: group_prop_gen
Info (12021): Found 2 design units, including 1 entities, in source file group_gen.vhd
    Info (12022): Found design unit 1: group_gen-arch
    Info (12023): Found entity 1: group_gen
Info (12127): Elaborating entity "six_bit_kogge_stone_adder" for the top level hierarchy
Warning (10873): Using initial value X (don't care) for net "G3[5..2]" at six_bit_kogge_stone_adder.vhd(34)
Info (12128): Elaborating entity "bit_prop_gen" for hierarchy "bit_prop_gen:BPG1"
Info (12128): Elaborating entity "group_gen" for hierarchy "group_gen:GG1"
Info (12128): Elaborating entity "group_prop_gen" for hierarchy "group_prop_gen:GPG2"
Warning (13024): Output pins are stuck at VCC or GND
    Warning (13410): Pin "probe[2]" is stuck at GND
    Warning (13410): Pin "probe[3]" is stuck at GND
    Warning (13410): Pin "probe[4]" is stuck at GND
    Warning (13410): Pin "probe[5]" is stuck at GND
Info (286030): Timing-Driven Synthesis is running
Info (16010): Generating hard_block partition "hard_block:auto_generated_inst"
    Info (16011): Adding 0 node(s), including 0 DDIO, 0 PLL, 0 transceiver and 0 LCELL
Info (21057): Implemented 46 device resources after synthesis - the final resource count might be different
    Info (21058): Implemented 13 input pins
    Info (21059): Implemented 12 output pins
    Info (21061): Implemented 21 logic cells
Info: Quartus II 64-Bit Analysis & Synthesis was successful. 0 errors, 7 warnings
    Info: Peak virtual memory: 583 megabytes
    Info: Processing ended: Thu Nov 24 12:46:30 2016
    Info: Elapsed time: 00:00:02
    Info: Total CPU time (on all processors): 00:00:02


